2026-02-20T10:50:53.482Z - info: Website generation started at 18:50:52
2026-02-20T10:50:54.219Z - info: Building assets...
2026-02-20T10:50:56.054Z - info: Assets built
2026-02-20T10:50:56.055Z - info: Generating pages...
2026-02-20T10:51:09.064Z - debug:  
2026-02-20T10:51:09.065Z - debug:  
2026-02-20T10:51:10.967Z - debug:  
2026-02-20T10:51:10.972Z - debug:  
2026-02-20T10:51:10.972Z - debug:  
2026-02-20T10:51:10.972Z - debug:  
2026-02-20T10:51:10.972Z - debug:  
2026-02-20T10:51:10.972Z - debug:  
2026-02-20T10:51:10.972Z - debug:  
2026-02-20T10:51:10.972Z - debug:  
2026-02-20T10:51:10.972Z - debug:  
2026-02-20T10:51:10.972Z - debug:  
2026-02-20T10:51:10.972Z - debug:  
2026-02-20T10:51:10.972Z - debug:  
2026-02-20T10:51:10.972Z - debug:  
2026-02-20T10:51:10.972Z - debug:  
2026-02-20T10:51:13.764Z - debug:  
2026-02-20T10:51:13.802Z - debug:  
2026-02-20T10:51:13.851Z - debug:  
2026-02-20T10:51:13.898Z - debug:  
2026-02-20T10:51:13.899Z - debug:  
2026-02-20T10:51:13.916Z - debug:  
2026-02-20T10:51:25.376Z - debug:  
2026-02-20T10:52:13.598Z - debug:  
2026-02-20T10:52:13.604Z - debug:  
2026-02-20T10:52:27.503Z - debug:  
2026-02-20T10:52:41.229Z - debug:  
2026-02-20T10:52:41.250Z - debug:  
2026-02-20T10:52:51.293Z - info: Pages built
2026-02-20T10:52:51.377Z - info: Site data built
2026-02-20T10:52:51.377Z - info: Website generation complete! Total build time: 118.888s
2026-02-20T10:52:51.377Z - info: Build success!
2026-02-20T10:53:21.338Z - info: The website has been deployed at: https://nus-cs2103-ay2526-s2.github.io/website
2026-02-20T14:56:20.275Z - info: Website generation (lazy) started at 22:56:19
2026-02-20T14:56:20.853Z - info: Building assets...
2026-02-20T14:56:22.387Z - info: Assets built
2026-02-20T14:56:22.387Z - info: Generating landing page...
2026-02-20T14:56:23.031Z - info: Landing page built, other pages will be built as you navigate to them!
2026-02-20T14:56:23.100Z - info: Site data built
2026-02-20T14:56:23.100Z - info: Website generation (lazy) complete! Total build time: 3.794s
2026-02-20T14:56:23.106Z - info: Serving "/Users/damithch/Repos/nus-cs2103/cs2103-website-base/_site" at http://127.0.0.1:8080
2026-02-20T14:56:23.107Z - info: Press CTRL+C to stop ...
2026-02-20T14:56:28.561Z - info: Building /Users/damithch/Repos/nus-cs2103/cs2103-website-base/admin/teamList as some of its dependencies were changed since the last visit
2026-02-20T14:56:29.327Z - info: Site data built
2026-02-20T14:56:29.327Z - info: Lazy website regeneration complete! Total build time: 0.767s
